<?xml version="1.0" encoding="UTF-8" ?>
<testsuites disabled="0" errors="0" failures="12" tests="8" time="9.722">
 <testsuite name="Browse Job Test Workflow" timestamp="2020-08-15T16:41:15" hostname="localhost" time="4.591" errors="0" tests="2" skipped="0" disabled="0" failures="0">
  <testcase classname="Browse Job Test Workflow" name="Verify user able to navigate on Browse Job Page" time="3.149" />
  <testcase classname="Browse Job Test Workflow" name="Verify user able to see Jobs on Browse Jobs Page" time="1.424" />
 </testsuite>
 <testsuite name="Sr Developer Gurgaon Test Workflow" timestamp="2020-08-15T16:41:19" hostname="localhost" time="0.603" errors="0" tests="1" skipped="0" disabled="0" failures="2">
  <testcase classname="Sr Developer Gurgaon Test Workflow" name="Verify able to navigate on Sr. Software Developer Job Page with Location Gurgaon India" time="0.018">
   <failure type="exception" message="Failed: invalid selector: Unable to locate an element with the xpath expression //a[@href=&quot;/job/1&quot;]&quot; because of the following error:
SyntaxError: Failed to execute &apos;evaluate&apos; on &apos;Document&apos;: The string &apos;//a[@href=&quot;/job/1&quot;]&quot;&apos; is not a valid XPath expression.
  (Session info: chrome=84.0.4147.125)
For documentation on this error, please visit: https://www.seleniumhq.org/exceptions/invalid_selector_exception.html
Build info: version: &apos;3.141.59&apos;, revision: &apos;e82be7d358&apos;, time: &apos;2018-11-14T08:25:53&apos;
System info: host: &apos;LAPTOP-ORI8JR52&apos;, ip: &apos;192.168.137.1&apos;, os.name: &apos;Windows 10&apos;, os.arch: &apos;amd64&apos;, os.version: &apos;10.0&apos;, java.version: &apos;1.8.0_241&apos;
Driver info: driver.version: unknown"><![CDATA[InvalidSelectorError: invalid selector: Unable to locate an element with the xpath expression //a[@href="/job/1"]" because of the following error:
SyntaxError: Failed to execute 'evaluate' on 'Document': The string '//a[@href="/job/1"]"' is not a valid XPath expression.
  (Session info: chrome=84.0.4147.125)
For documentation on this error, please visit: https://www.seleniumhq.org/exceptions/invalid_selector_exception.html
Build info: version: '3.141.59', revision: 'e82be7d358', time: '2018-11-14T08:25:53'
System info: host: 'LAPTOP-ORI8JR52', ip: '192.168.137.1', os.name: 'Windows 10', os.arch: 'amd64', os.version: '10.0', java.version: '1.8.0_241'
Driver info: driver.version: unknown
    at Object.checkLegacyResponse (E:\NodeJsTestingProjects\GayltixExcercise\node_modules\selenium-webdriver\lib\error.js:546:15)
    at parseHttpResponse (E:\NodeJsTestingProjects\GayltixExcercise\node_modules\selenium-webdriver\lib\http.js:509:13)
    at E:\NodeJsTestingProjects\GayltixExcercise\node_modules\selenium-webdriver\lib\http.js:441:30
    at processTicksAndRejections (internal/process/task_queues.js:93:5)
From asynchronous test: 
Error
    at Suite.<anonymous> (E:\NodeJsTestingProjects\GayltixExcercise\e2e_tests\Tests\SrDevGurgaonTest.js:9:5)
    at addSpecsToSuite (E:\NodeJsTestingProjects\GayltixExcercise\node_modules\protractor\node_modules\jasmine-core\lib\jasmine-core\jasmine.js:1107:25)
    at Env.describe (E:\NodeJsTestingProjects\GayltixExcercise\node_modules\protractor\node_modules\jasmine-core\lib\jasmine-core\jasmine.js:1074:7)
    at describe (E:\NodeJsTestingProjects\GayltixExcercise\node_modules\protractor\node_modules\jasmine-core\lib\jasmine-core\jasmine.js:4399:18)
    at Object.<anonymous> (E:\NodeJsTestingProjects\GayltixExcercise\e2e_tests\Tests\SrDevGurgaonTest.js:8:1)
    at Module._compile (internal/modules/cjs/loader.js:956:30)
    at Object.Module._extensions..js (internal/modules/cjs/loader.js:973:10)
    at Module.load (internal/modules/cjs/loader.js:812:32)
    at Function.Module._load (internal/modules/cjs/loader.js:724:14)
    at Module.require (internal/modules/cjs/loader.js:849:19)
    at require (internal/modules/cjs/helpers.js:74:18)
    at E:\NodeJsTestingProjects\GayltixExcercise\node_modules\protractor\node_modules\jasmine\lib\jasmine.js:93:5
    at Array.forEach (<anonymous>)
    at Jasmine.loadSpecs (E:\NodeJsTestingProjects\GayltixExcercise\node_modules\protractor\node_modules\jasmine\lib\jasmine.js:92:18)
    at Jasmine.execute (E:\NodeJsTestingProjects\GayltixExcercise\node_modules\protractor\node_modules\jasmine\lib\jasmine.js:197:8)]]>
   </failure>
   <failure type="exception" message="Failed: Cannot read property &apos;getSrDevGurgaonTitle&apos; of undefined"><![CDATA[TypeError: Cannot read property 'getSrDevGurgaonTitle' of undefined
    at UserContext.<anonymous> (E:\NodeJsTestingProjects\GayltixExcercise\e2e_tests\Tests\SrDevGurgaonTest.js:14:45)
    at E:\NodeJsTestingProjects\GayltixExcercise\node_modules\jasminewd2\index.js:112:25
    at new Promise (<anonymous>)
    at SimpleScheduler.promise (E:\NodeJsTestingProjects\GayltixExcercise\node_modules\selenium-webdriver\lib\promise.js:2242:12)
    at schedulerExecute (E:\NodeJsTestingProjects\GayltixExcercise\node_modules\jasminewd2\index.js:95:18)
    at E:\NodeJsTestingProjects\GayltixExcercise\node_modules\selenium-webdriver\lib\promise.js:2232:22
    at new Promise (<anonymous>)
    at SimpleScheduler.promise (E:\NodeJsTestingProjects\GayltixExcercise\node_modules\selenium-webdriver\lib\promise.js:2242:12)
    at SimpleScheduler.execute (E:\NodeJsTestingProjects\GayltixExcercise\node_modules\selenium-webdriver\lib\promise.js:2227:17)
    at UserContext.<anonymous> (E:\NodeJsTestingProjects\GayltixExcercise\node_modules\jasminewd2\index.js:94:19)
    at attempt (E:\NodeJsTestingProjects\GayltixExcercise\node_modules\protractor\node_modules\jasmine-core\lib\jasmine-core\jasmine.js:4297:26)
    at QueueRunner.run (E:\NodeJsTestingProjects\GayltixExcercise\node_modules\protractor\node_modules\jasmine-core\lib\jasmine-core\jasmine.js:4217:20)
    at runNext (E:\NodeJsTestingProjects\GayltixExcercise\node_modules\protractor\node_modules\jasmine-core\lib\jasmine-core\jasmine.js:4257:20)
    at E:\NodeJsTestingProjects\GayltixExcercise\node_modules\protractor\node_modules\jasmine-core\lib\jasmine-core\jasmine.js:4264:13
    at E:\NodeJsTestingProjects\GayltixExcercise\node_modules\protractor\node_modules\jasmine-core\lib\jasmine-core\jasmine.js:4172:9
    at callWhenIdle (E:\NodeJsTestingProjects\GayltixExcercise\node_modules\jasminewd2\index.js:62:5)
From asynchronous test: 
Error
    at Suite.<anonymous> (E:\NodeJsTestingProjects\GayltixExcercise\e2e_tests\Tests\SrDevGurgaonTest.js:13:5)
    at addSpecsToSuite (E:\NodeJsTestingProjects\GayltixExcercise\node_modules\protractor\node_modules\jasmine-core\lib\jasmine-core\jasmine.js:1107:25)
    at Env.describe (E:\NodeJsTestingProjects\GayltixExcercise\node_modules\protractor\node_modules\jasmine-core\lib\jasmine-core\jasmine.js:1074:7)
    at describe (E:\NodeJsTestingProjects\GayltixExcercise\node_modules\protractor\node_modules\jasmine-core\lib\jasmine-core\jasmine.js:4399:18)
    at Object.<anonymous> (E:\NodeJsTestingProjects\GayltixExcercise\e2e_tests\Tests\SrDevGurgaonTest.js:8:1)
    at Module._compile (internal/modules/cjs/loader.js:956:30)
    at Object.Module._extensions..js (internal/modules/cjs/loader.js:973:10)
    at Module.load (internal/modules/cjs/loader.js:812:32)
    at Function.Module._load (internal/modules/cjs/loader.js:724:14)
    at Module.require (internal/modules/cjs/loader.js:849:19)
    at require (internal/modules/cjs/helpers.js:74:18)
    at E:\NodeJsTestingProjects\GayltixExcercise\node_modules\protractor\node_modules\jasmine\lib\jasmine.js:93:5
    at Array.forEach (<anonymous>)
    at Jasmine.loadSpecs (E:\NodeJsTestingProjects\GayltixExcercise\node_modules\protractor\node_modules\jasmine\lib\jasmine.js:92:18)
    at Jasmine.execute (E:\NodeJsTestingProjects\GayltixExcercise\node_modules\protractor\node_modules\jasmine\lib\jasmine.js:197:8)]]>
   </failure>
  </testcase>
 </testsuite>
 <testsuite name="Sr Developer London Test Workflow" timestamp="2020-08-15T16:41:20" hostname="localhost" time="0.957" errors="0" tests="1" skipped="0" disabled="0" failures="2">
  <testcase classname="Sr Developer London Test Workflow" name="Verify able to navigate on Sr. Software Developer Job Page with Location London UK " time="0.017">
   <failure type="exception" message="Failed: invalid selector: Unable to locate an element with the xpath expression //a[@href=&quot;/job/2&quot;]&quot; because of the following error:
SyntaxError: Failed to execute &apos;evaluate&apos; on &apos;Document&apos;: The string &apos;//a[@href=&quot;/job/2&quot;]&quot;&apos; is not a valid XPath expression.
  (Session info: chrome=84.0.4147.125)
For documentation on this error, please visit: https://www.seleniumhq.org/exceptions/invalid_selector_exception.html
Build info: version: &apos;3.141.59&apos;, revision: &apos;e82be7d358&apos;, time: &apos;2018-11-14T08:25:53&apos;
System info: host: &apos;LAPTOP-ORI8JR52&apos;, ip: &apos;192.168.137.1&apos;, os.name: &apos;Windows 10&apos;, os.arch: &apos;amd64&apos;, os.version: &apos;10.0&apos;, java.version: &apos;1.8.0_241&apos;
Driver info: driver.version: unknown"><![CDATA[InvalidSelectorError: invalid selector: Unable to locate an element with the xpath expression //a[@href="/job/2"]" because of the following error:
SyntaxError: Failed to execute 'evaluate' on 'Document': The string '//a[@href="/job/2"]"' is not a valid XPath expression.
  (Session info: chrome=84.0.4147.125)
For documentation on this error, please visit: https://www.seleniumhq.org/exceptions/invalid_selector_exception.html
Build info: version: '3.141.59', revision: 'e82be7d358', time: '2018-11-14T08:25:53'
System info: host: 'LAPTOP-ORI8JR52', ip: '192.168.137.1', os.name: 'Windows 10', os.arch: 'amd64', os.version: '10.0', java.version: '1.8.0_241'
Driver info: driver.version: unknown
    at Object.checkLegacyResponse (E:\NodeJsTestingProjects\GayltixExcercise\node_modules\selenium-webdriver\lib\error.js:546:15)
    at parseHttpResponse (E:\NodeJsTestingProjects\GayltixExcercise\node_modules\selenium-webdriver\lib\http.js:509:13)
    at E:\NodeJsTestingProjects\GayltixExcercise\node_modules\selenium-webdriver\lib\http.js:441:30
    at processTicksAndRejections (internal/process/task_queues.js:93:5)
From asynchronous test: 
Error
    at Suite.<anonymous> (E:\NodeJsTestingProjects\GayltixExcercise\e2e_tests\Tests\SrDevLondonTest.js:9:5)
    at addSpecsToSuite (E:\NodeJsTestingProjects\GayltixExcercise\node_modules\protractor\node_modules\jasmine-core\lib\jasmine-core\jasmine.js:1107:25)
    at Env.describe (E:\NodeJsTestingProjects\GayltixExcercise\node_modules\protractor\node_modules\jasmine-core\lib\jasmine-core\jasmine.js:1074:7)
    at describe (E:\NodeJsTestingProjects\GayltixExcercise\node_modules\protractor\node_modules\jasmine-core\lib\jasmine-core\jasmine.js:4399:18)
    at Object.<anonymous> (E:\NodeJsTestingProjects\GayltixExcercise\e2e_tests\Tests\SrDevLondonTest.js:8:1)
    at Module._compile (internal/modules/cjs/loader.js:956:30)
    at Object.Module._extensions..js (internal/modules/cjs/loader.js:973:10)
    at Module.load (internal/modules/cjs/loader.js:812:32)
    at Function.Module._load (internal/modules/cjs/loader.js:724:14)
    at Module.require (internal/modules/cjs/loader.js:849:19)
    at require (internal/modules/cjs/helpers.js:74:18)
    at E:\NodeJsTestingProjects\GayltixExcercise\node_modules\protractor\node_modules\jasmine\lib\jasmine.js:93:5
    at Array.forEach (<anonymous>)
    at Jasmine.loadSpecs (E:\NodeJsTestingProjects\GayltixExcercise\node_modules\protractor\node_modules\jasmine\lib\jasmine.js:92:18)
    at Jasmine.execute (E:\NodeJsTestingProjects\GayltixExcercise\node_modules\protractor\node_modules\jasmine\lib\jasmine.js:197:8)]]>
   </failure>
   <failure type="exception" message="Failed: Cannot read property &apos;getSrDevLonLocation&apos; of undefined"><![CDATA[TypeError: Cannot read property 'getSrDevLonLocation' of undefined
    at UserContext.<anonymous> (E:\NodeJsTestingProjects\GayltixExcercise\e2e_tests\Tests\SrDevLondonTest.js:14:44)
    at E:\NodeJsTestingProjects\GayltixExcercise\node_modules\jasminewd2\index.js:112:25
    at new Promise (<anonymous>)
    at SimpleScheduler.promise (E:\NodeJsTestingProjects\GayltixExcercise\node_modules\selenium-webdriver\lib\promise.js:2242:12)
    at schedulerExecute (E:\NodeJsTestingProjects\GayltixExcercise\node_modules\jasminewd2\index.js:95:18)
    at E:\NodeJsTestingProjects\GayltixExcercise\node_modules\selenium-webdriver\lib\promise.js:2232:22
    at new Promise (<anonymous>)
    at SimpleScheduler.promise (E:\NodeJsTestingProjects\GayltixExcercise\node_modules\selenium-webdriver\lib\promise.js:2242:12)
    at SimpleScheduler.execute (E:\NodeJsTestingProjects\GayltixExcercise\node_modules\selenium-webdriver\lib\promise.js:2227:17)
    at UserContext.<anonymous> (E:\NodeJsTestingProjects\GayltixExcercise\node_modules\jasminewd2\index.js:94:19)
    at attempt (E:\NodeJsTestingProjects\GayltixExcercise\node_modules\protractor\node_modules\jasmine-core\lib\jasmine-core\jasmine.js:4297:26)
    at QueueRunner.run (E:\NodeJsTestingProjects\GayltixExcercise\node_modules\protractor\node_modules\jasmine-core\lib\jasmine-core\jasmine.js:4217:20)
    at runNext (E:\NodeJsTestingProjects\GayltixExcercise\node_modules\protractor\node_modules\jasmine-core\lib\jasmine-core\jasmine.js:4257:20)
    at E:\NodeJsTestingProjects\GayltixExcercise\node_modules\protractor\node_modules\jasmine-core\lib\jasmine-core\jasmine.js:4264:13
    at E:\NodeJsTestingProjects\GayltixExcercise\node_modules\protractor\node_modules\jasmine-core\lib\jasmine-core\jasmine.js:4172:9
    at callWhenIdle (E:\NodeJsTestingProjects\GayltixExcercise\node_modules\jasminewd2\index.js:62:5)
From asynchronous test: 
Error
    at Suite.<anonymous> (E:\NodeJsTestingProjects\GayltixExcercise\e2e_tests\Tests\SrDevLondonTest.js:13:5)
    at addSpecsToSuite (E:\NodeJsTestingProjects\GayltixExcercise\node_modules\protractor\node_modules\jasmine-core\lib\jasmine-core\jasmine.js:1107:25)
    at Env.describe (E:\NodeJsTestingProjects\GayltixExcercise\node_modules\protractor\node_modules\jasmine-core\lib\jasmine-core\jasmine.js:1074:7)
    at describe (E:\NodeJsTestingProjects\GayltixExcercise\node_modules\protractor\node_modules\jasmine-core\lib\jasmine-core\jasmine.js:4399:18)
    at Object.<anonymous> (E:\NodeJsTestingProjects\GayltixExcercise\e2e_tests\Tests\SrDevLondonTest.js:8:1)
    at Module._compile (internal/modules/cjs/loader.js:956:30)
    at Object.Module._extensions..js (internal/modules/cjs/loader.js:973:10)
    at Module.load (internal/modules/cjs/loader.js:812:32)
    at Function.Module._load (internal/modules/cjs/loader.js:724:14)
    at Module.require (internal/modules/cjs/loader.js:849:19)
    at require (internal/modules/cjs/helpers.js:74:18)
    at E:\NodeJsTestingProjects\GayltixExcercise\node_modules\protractor\node_modules\jasmine\lib\jasmine.js:93:5
    at Array.forEach (<anonymous>)
    at Jasmine.loadSpecs (E:\NodeJsTestingProjects\GayltixExcercise\node_modules\protractor\node_modules\jasmine\lib\jasmine.js:92:18)
    at Jasmine.execute (E:\NodeJsTestingProjects\GayltixExcercise\node_modules\protractor\node_modules\jasmine\lib\jasmine.js:197:8)]]>
   </failure>
  </testcase>
 </testsuite>
 <testsuite name="Test Engineer Gurgaon Test Workflow" timestamp="2020-08-15T16:41:21" hostname="localhost" time="0.924" errors="0" tests="1" skipped="0" disabled="0" failures="2">
  <testcase classname="Test Engineer Gurgaon Test Workflow" name="Verify able to navigate on Testing Enginner Job Page with Location Gurgaon India" time="0.015">
   <failure type="exception" message="Failed: invalid selector: Unable to locate an element with the xpath expression //a[@href=&quot;/job/3&quot;]&quot; because of the following error:
SyntaxError: Failed to execute &apos;evaluate&apos; on &apos;Document&apos;: The string &apos;//a[@href=&quot;/job/3&quot;]&quot;&apos; is not a valid XPath expression.
  (Session info: chrome=84.0.4147.125)
For documentation on this error, please visit: https://www.seleniumhq.org/exceptions/invalid_selector_exception.html
Build info: version: &apos;3.141.59&apos;, revision: &apos;e82be7d358&apos;, time: &apos;2018-11-14T08:25:53&apos;
System info: host: &apos;LAPTOP-ORI8JR52&apos;, ip: &apos;192.168.137.1&apos;, os.name: &apos;Windows 10&apos;, os.arch: &apos;amd64&apos;, os.version: &apos;10.0&apos;, java.version: &apos;1.8.0_241&apos;
Driver info: driver.version: unknown"><![CDATA[InvalidSelectorError: invalid selector: Unable to locate an element with the xpath expression //a[@href="/job/3"]" because of the following error:
SyntaxError: Failed to execute 'evaluate' on 'Document': The string '//a[@href="/job/3"]"' is not a valid XPath expression.
  (Session info: chrome=84.0.4147.125)
For documentation on this error, please visit: https://www.seleniumhq.org/exceptions/invalid_selector_exception.html
Build info: version: '3.141.59', revision: 'e82be7d358', time: '2018-11-14T08:25:53'
System info: host: 'LAPTOP-ORI8JR52', ip: '192.168.137.1', os.name: 'Windows 10', os.arch: 'amd64', os.version: '10.0', java.version: '1.8.0_241'
Driver info: driver.version: unknown
    at Object.checkLegacyResponse (E:\NodeJsTestingProjects\GayltixExcercise\node_modules\selenium-webdriver\lib\error.js:546:15)
    at parseHttpResponse (E:\NodeJsTestingProjects\GayltixExcercise\node_modules\selenium-webdriver\lib\http.js:509:13)
    at E:\NodeJsTestingProjects\GayltixExcercise\node_modules\selenium-webdriver\lib\http.js:441:30
    at processTicksAndRejections (internal/process/task_queues.js:93:5)
From asynchronous test: 
Error
    at Suite.<anonymous> (E:\NodeJsTestingProjects\GayltixExcercise\e2e_tests\Tests\TestEngGurgaonTest.js:9:5)
    at addSpecsToSuite (E:\NodeJsTestingProjects\GayltixExcercise\node_modules\protractor\node_modules\jasmine-core\lib\jasmine-core\jasmine.js:1107:25)
    at Env.describe (E:\NodeJsTestingProjects\GayltixExcercise\node_modules\protractor\node_modules\jasmine-core\lib\jasmine-core\jasmine.js:1074:7)
    at describe (E:\NodeJsTestingProjects\GayltixExcercise\node_modules\protractor\node_modules\jasmine-core\lib\jasmine-core\jasmine.js:4399:18)
    at Object.<anonymous> (E:\NodeJsTestingProjects\GayltixExcercise\e2e_tests\Tests\TestEngGurgaonTest.js:8:1)
    at Module._compile (internal/modules/cjs/loader.js:956:30)
    at Object.Module._extensions..js (internal/modules/cjs/loader.js:973:10)
    at Module.load (internal/modules/cjs/loader.js:812:32)
    at Function.Module._load (internal/modules/cjs/loader.js:724:14)
    at Module.require (internal/modules/cjs/loader.js:849:19)
    at require (internal/modules/cjs/helpers.js:74:18)
    at E:\NodeJsTestingProjects\GayltixExcercise\node_modules\protractor\node_modules\jasmine\lib\jasmine.js:93:5
    at Array.forEach (<anonymous>)
    at Jasmine.loadSpecs (E:\NodeJsTestingProjects\GayltixExcercise\node_modules\protractor\node_modules\jasmine\lib\jasmine.js:92:18)
    at Jasmine.execute (E:\NodeJsTestingProjects\GayltixExcercise\node_modules\protractor\node_modules\jasmine\lib\jasmine.js:197:8)]]>
   </failure>
   <failure type="exception" message="Failed: Cannot read property &apos;getTestEngGurTitle&apos; of undefined"><![CDATA[TypeError: Cannot read property 'getTestEngGurTitle' of undefined
    at UserContext.<anonymous> (E:\NodeJsTestingProjects\GayltixExcercise\e2e_tests\Tests\TestEngGurgaonTest.js:14:49)
    at E:\NodeJsTestingProjects\GayltixExcercise\node_modules\jasminewd2\index.js:112:25
    at new Promise (<anonymous>)
    at SimpleScheduler.promise (E:\NodeJsTestingProjects\GayltixExcercise\node_modules\selenium-webdriver\lib\promise.js:2242:12)
    at schedulerExecute (E:\NodeJsTestingProjects\GayltixExcercise\node_modules\jasminewd2\index.js:95:18)
    at E:\NodeJsTestingProjects\GayltixExcercise\node_modules\selenium-webdriver\lib\promise.js:2232:22
    at new Promise (<anonymous>)
    at SimpleScheduler.promise (E:\NodeJsTestingProjects\GayltixExcercise\node_modules\selenium-webdriver\lib\promise.js:2242:12)
    at SimpleScheduler.execute (E:\NodeJsTestingProjects\GayltixExcercise\node_modules\selenium-webdriver\lib\promise.js:2227:17)
    at UserContext.<anonymous> (E:\NodeJsTestingProjects\GayltixExcercise\node_modules\jasminewd2\index.js:94:19)
    at attempt (E:\NodeJsTestingProjects\GayltixExcercise\node_modules\protractor\node_modules\jasmine-core\lib\jasmine-core\jasmine.js:4297:26)
    at QueueRunner.run (E:\NodeJsTestingProjects\GayltixExcercise\node_modules\protractor\node_modules\jasmine-core\lib\jasmine-core\jasmine.js:4217:20)
    at runNext (E:\NodeJsTestingProjects\GayltixExcercise\node_modules\protractor\node_modules\jasmine-core\lib\jasmine-core\jasmine.js:4257:20)
    at E:\NodeJsTestingProjects\GayltixExcercise\node_modules\protractor\node_modules\jasmine-core\lib\jasmine-core\jasmine.js:4264:13
    at E:\NodeJsTestingProjects\GayltixExcercise\node_modules\protractor\node_modules\jasmine-core\lib\jasmine-core\jasmine.js:4172:9
    at callWhenIdle (E:\NodeJsTestingProjects\GayltixExcercise\node_modules\jasminewd2\index.js:62:5)
From asynchronous test: 
Error
    at Suite.<anonymous> (E:\NodeJsTestingProjects\GayltixExcercise\e2e_tests\Tests\TestEngGurgaonTest.js:13:5)
    at addSpecsToSuite (E:\NodeJsTestingProjects\GayltixExcercise\node_modules\protractor\node_modules\jasmine-core\lib\jasmine-core\jasmine.js:1107:25)
    at Env.describe (E:\NodeJsTestingProjects\GayltixExcercise\node_modules\protractor\node_modules\jasmine-core\lib\jasmine-core\jasmine.js:1074:7)
    at describe (E:\NodeJsTestingProjects\GayltixExcercise\node_modules\protractor\node_modules\jasmine-core\lib\jasmine-core\jasmine.js:4399:18)
    at Object.<anonymous> (E:\NodeJsTestingProjects\GayltixExcercise\e2e_tests\Tests\TestEngGurgaonTest.js:8:1)
    at Module._compile (internal/modules/cjs/loader.js:956:30)
    at Object.Module._extensions..js (internal/modules/cjs/loader.js:973:10)
    at Module.load (internal/modules/cjs/loader.js:812:32)
    at Function.Module._load (internal/modules/cjs/loader.js:724:14)
    at Module.require (internal/modules/cjs/loader.js:849:19)
    at require (internal/modules/cjs/helpers.js:74:18)
    at E:\NodeJsTestingProjects\GayltixExcercise\node_modules\protractor\node_modules\jasmine\lib\jasmine.js:93:5
    at Array.forEach (<anonymous>)
    at Jasmine.loadSpecs (E:\NodeJsTestingProjects\GayltixExcercise\node_modules\protractor\node_modules\jasmine\lib\jasmine.js:92:18)
    at Jasmine.execute (E:\NodeJsTestingProjects\GayltixExcercise\node_modules\protractor\node_modules\jasmine\lib\jasmine.js:197:8)]]>
   </failure>
  </testcase>
 </testsuite>
 <testsuite name="Test Engineer London Test Workflow" timestamp="2020-08-15T16:41:22" hostname="localhost" time="0.889" errors="0" tests="1" skipped="0" disabled="0" failures="2">
  <testcase classname="Test Engineer London Test Workflow" name="Verify able to navigate on Testing Enginner Job Page with Location London Uk" time="0.018">
   <failure type="exception" message="Failed: invalid selector: Unable to locate an element with the xpath expression //a[@href=&quot;/job/4&quot;]&quot; because of the following error:
SyntaxError: Failed to execute &apos;evaluate&apos; on &apos;Document&apos;: The string &apos;//a[@href=&quot;/job/4&quot;]&quot;&apos; is not a valid XPath expression.
  (Session info: chrome=84.0.4147.125)
For documentation on this error, please visit: https://www.seleniumhq.org/exceptions/invalid_selector_exception.html
Build info: version: &apos;3.141.59&apos;, revision: &apos;e82be7d358&apos;, time: &apos;2018-11-14T08:25:53&apos;
System info: host: &apos;LAPTOP-ORI8JR52&apos;, ip: &apos;192.168.137.1&apos;, os.name: &apos;Windows 10&apos;, os.arch: &apos;amd64&apos;, os.version: &apos;10.0&apos;, java.version: &apos;1.8.0_241&apos;
Driver info: driver.version: unknown"><![CDATA[InvalidSelectorError: invalid selector: Unable to locate an element with the xpath expression //a[@href="/job/4"]" because of the following error:
SyntaxError: Failed to execute 'evaluate' on 'Document': The string '//a[@href="/job/4"]"' is not a valid XPath expression.
  (Session info: chrome=84.0.4147.125)
For documentation on this error, please visit: https://www.seleniumhq.org/exceptions/invalid_selector_exception.html
Build info: version: '3.141.59', revision: 'e82be7d358', time: '2018-11-14T08:25:53'
System info: host: 'LAPTOP-ORI8JR52', ip: '192.168.137.1', os.name: 'Windows 10', os.arch: 'amd64', os.version: '10.0', java.version: '1.8.0_241'
Driver info: driver.version: unknown
    at Object.checkLegacyResponse (E:\NodeJsTestingProjects\GayltixExcercise\node_modules\selenium-webdriver\lib\error.js:546:15)
    at parseHttpResponse (E:\NodeJsTestingProjects\GayltixExcercise\node_modules\selenium-webdriver\lib\http.js:509:13)
    at E:\NodeJsTestingProjects\GayltixExcercise\node_modules\selenium-webdriver\lib\http.js:441:30
    at processTicksAndRejections (internal/process/task_queues.js:93:5)
From asynchronous test: 
Error
    at Suite.<anonymous> (E:\NodeJsTestingProjects\GayltixExcercise\e2e_tests\Tests\TestEngLondonTest.js:9:5)
    at addSpecsToSuite (E:\NodeJsTestingProjects\GayltixExcercise\node_modules\protractor\node_modules\jasmine-core\lib\jasmine-core\jasmine.js:1107:25)
    at Env.describe (E:\NodeJsTestingProjects\GayltixExcercise\node_modules\protractor\node_modules\jasmine-core\lib\jasmine-core\jasmine.js:1074:7)
    at describe (E:\NodeJsTestingProjects\GayltixExcercise\node_modules\protractor\node_modules\jasmine-core\lib\jasmine-core\jasmine.js:4399:18)
    at Object.<anonymous> (E:\NodeJsTestingProjects\GayltixExcercise\e2e_tests\Tests\TestEngLondonTest.js:8:1)
    at Module._compile (internal/modules/cjs/loader.js:956:30)
    at Object.Module._extensions..js (internal/modules/cjs/loader.js:973:10)
    at Module.load (internal/modules/cjs/loader.js:812:32)
    at Function.Module._load (internal/modules/cjs/loader.js:724:14)
    at Module.require (internal/modules/cjs/loader.js:849:19)
    at require (internal/modules/cjs/helpers.js:74:18)
    at E:\NodeJsTestingProjects\GayltixExcercise\node_modules\protractor\node_modules\jasmine\lib\jasmine.js:93:5
    at Array.forEach (<anonymous>)
    at Jasmine.loadSpecs (E:\NodeJsTestingProjects\GayltixExcercise\node_modules\protractor\node_modules\jasmine\lib\jasmine.js:92:18)
    at Jasmine.execute (E:\NodeJsTestingProjects\GayltixExcercise\node_modules\protractor\node_modules\jasmine\lib\jasmine.js:197:8)]]>
   </failure>
   <failure type="exception" message="Failed: Cannot read property &apos;getTestEngLonLocation&apos; of undefined"><![CDATA[TypeError: Cannot read property 'getTestEngLonLocation' of undefined
    at UserContext.<anonymous> (E:\NodeJsTestingProjects\GayltixExcercise\e2e_tests\Tests\TestEngLondonTest.js:14:48)
    at E:\NodeJsTestingProjects\GayltixExcercise\node_modules\jasminewd2\index.js:112:25
    at new Promise (<anonymous>)
    at SimpleScheduler.promise (E:\NodeJsTestingProjects\GayltixExcercise\node_modules\selenium-webdriver\lib\promise.js:2242:12)
    at schedulerExecute (E:\NodeJsTestingProjects\GayltixExcercise\node_modules\jasminewd2\index.js:95:18)
    at E:\NodeJsTestingProjects\GayltixExcercise\node_modules\selenium-webdriver\lib\promise.js:2232:22
    at new Promise (<anonymous>)
    at SimpleScheduler.promise (E:\NodeJsTestingProjects\GayltixExcercise\node_modules\selenium-webdriver\lib\promise.js:2242:12)
    at SimpleScheduler.execute (E:\NodeJsTestingProjects\GayltixExcercise\node_modules\selenium-webdriver\lib\promise.js:2227:17)
    at UserContext.<anonymous> (E:\NodeJsTestingProjects\GayltixExcercise\node_modules\jasminewd2\index.js:94:19)
    at attempt (E:\NodeJsTestingProjects\GayltixExcercise\node_modules\protractor\node_modules\jasmine-core\lib\jasmine-core\jasmine.js:4297:26)
    at QueueRunner.run (E:\NodeJsTestingProjects\GayltixExcercise\node_modules\protractor\node_modules\jasmine-core\lib\jasmine-core\jasmine.js:4217:20)
    at runNext (E:\NodeJsTestingProjects\GayltixExcercise\node_modules\protractor\node_modules\jasmine-core\lib\jasmine-core\jasmine.js:4257:20)
    at E:\NodeJsTestingProjects\GayltixExcercise\node_modules\protractor\node_modules\jasmine-core\lib\jasmine-core\jasmine.js:4264:13
    at E:\NodeJsTestingProjects\GayltixExcercise\node_modules\protractor\node_modules\jasmine-core\lib\jasmine-core\jasmine.js:4172:9
    at callWhenIdle (E:\NodeJsTestingProjects\GayltixExcercise\node_modules\jasminewd2\index.js:62:5)
From asynchronous test: 
Error
    at Suite.<anonymous> (E:\NodeJsTestingProjects\GayltixExcercise\e2e_tests\Tests\TestEngLondonTest.js:13:5)
    at addSpecsToSuite (E:\NodeJsTestingProjects\GayltixExcercise\node_modules\protractor\node_modules\jasmine-core\lib\jasmine-core\jasmine.js:1107:25)
    at Env.describe (E:\NodeJsTestingProjects\GayltixExcercise\node_modules\protractor\node_modules\jasmine-core\lib\jasmine-core\jasmine.js:1074:7)
    at describe (E:\NodeJsTestingProjects\GayltixExcercise\node_modules\protractor\node_modules\jasmine-core\lib\jasmine-core\jasmine.js:4399:18)
    at Object.<anonymous> (E:\NodeJsTestingProjects\GayltixExcercise\e2e_tests\Tests\TestEngLondonTest.js:8:1)
    at Module._compile (internal/modules/cjs/loader.js:956:30)
    at Object.Module._extensions..js (internal/modules/cjs/loader.js:973:10)
    at Module.load (internal/modules/cjs/loader.js:812:32)
    at Function.Module._load (internal/modules/cjs/loader.js:724:14)
    at Module.require (internal/modules/cjs/loader.js:849:19)
    at require (internal/modules/cjs/helpers.js:74:18)
    at E:\NodeJsTestingProjects\GayltixExcercise\node_modules\protractor\node_modules\jasmine\lib\jasmine.js:93:5
    at Array.forEach (<anonymous>)
    at Jasmine.loadSpecs (E:\NodeJsTestingProjects\GayltixExcercise\node_modules\protractor\node_modules\jasmine\lib\jasmine.js:92:18)
    at Jasmine.execute (E:\NodeJsTestingProjects\GayltixExcercise\node_modules\protractor\node_modules\jasmine\lib\jasmine.js:197:8)]]>
   </failure>
  </testcase>
 </testsuite>
 <testsuite name="Sr. Web Designer Gurgaon Test Workflow" timestamp="2020-08-15T16:41:23" hostname="localhost" time="0.889" errors="0" tests="1" skipped="0" disabled="0" failures="2">
  <testcase classname="Sr. Web Designer Gurgaon Test Workflow" name="Verify able to navigate on Sr. Web Designer Job Page with Location Gurgaon India." time="0.016">
   <failure type="exception" message="Failed: invalid selector: Unable to locate an element with the xpath expression //a[@href=&quot;/job/5&quot;]&quot; because of the following error:
SyntaxError: Failed to execute &apos;evaluate&apos; on &apos;Document&apos;: The string &apos;//a[@href=&quot;/job/5&quot;]&quot;&apos; is not a valid XPath expression.
  (Session info: chrome=84.0.4147.125)
For documentation on this error, please visit: https://www.seleniumhq.org/exceptions/invalid_selector_exception.html
Build info: version: &apos;3.141.59&apos;, revision: &apos;e82be7d358&apos;, time: &apos;2018-11-14T08:25:53&apos;
System info: host: &apos;LAPTOP-ORI8JR52&apos;, ip: &apos;192.168.137.1&apos;, os.name: &apos;Windows 10&apos;, os.arch: &apos;amd64&apos;, os.version: &apos;10.0&apos;, java.version: &apos;1.8.0_241&apos;
Driver info: driver.version: unknown"><![CDATA[InvalidSelectorError: invalid selector: Unable to locate an element with the xpath expression //a[@href="/job/5"]" because of the following error:
SyntaxError: Failed to execute 'evaluate' on 'Document': The string '//a[@href="/job/5"]"' is not a valid XPath expression.
  (Session info: chrome=84.0.4147.125)
For documentation on this error, please visit: https://www.seleniumhq.org/exceptions/invalid_selector_exception.html
Build info: version: '3.141.59', revision: 'e82be7d358', time: '2018-11-14T08:25:53'
System info: host: 'LAPTOP-ORI8JR52', ip: '192.168.137.1', os.name: 'Windows 10', os.arch: 'amd64', os.version: '10.0', java.version: '1.8.0_241'
Driver info: driver.version: unknown
    at Object.checkLegacyResponse (E:\NodeJsTestingProjects\GayltixExcercise\node_modules\selenium-webdriver\lib\error.js:546:15)
    at parseHttpResponse (E:\NodeJsTestingProjects\GayltixExcercise\node_modules\selenium-webdriver\lib\http.js:509:13)
    at E:\NodeJsTestingProjects\GayltixExcercise\node_modules\selenium-webdriver\lib\http.js:441:30
    at processTicksAndRejections (internal/process/task_queues.js:93:5)
From asynchronous test: 
Error
    at Suite.<anonymous> (E:\NodeJsTestingProjects\GayltixExcercise\e2e_tests\Tests\WebDesGurgaonTest.js:9:5)
    at addSpecsToSuite (E:\NodeJsTestingProjects\GayltixExcercise\node_modules\protractor\node_modules\jasmine-core\lib\jasmine-core\jasmine.js:1107:25)
    at Env.describe (E:\NodeJsTestingProjects\GayltixExcercise\node_modules\protractor\node_modules\jasmine-core\lib\jasmine-core\jasmine.js:1074:7)
    at describe (E:\NodeJsTestingProjects\GayltixExcercise\node_modules\protractor\node_modules\jasmine-core\lib\jasmine-core\jasmine.js:4399:18)
    at Object.<anonymous> (E:\NodeJsTestingProjects\GayltixExcercise\e2e_tests\Tests\WebDesGurgaonTest.js:8:1)
    at Module._compile (internal/modules/cjs/loader.js:956:30)
    at Object.Module._extensions..js (internal/modules/cjs/loader.js:973:10)
    at Module.load (internal/modules/cjs/loader.js:812:32)
    at Function.Module._load (internal/modules/cjs/loader.js:724:14)
    at Module.require (internal/modules/cjs/loader.js:849:19)
    at require (internal/modules/cjs/helpers.js:74:18)
    at E:\NodeJsTestingProjects\GayltixExcercise\node_modules\protractor\node_modules\jasmine\lib\jasmine.js:93:5
    at Array.forEach (<anonymous>)
    at Jasmine.loadSpecs (E:\NodeJsTestingProjects\GayltixExcercise\node_modules\protractor\node_modules\jasmine\lib\jasmine.js:92:18)
    at Jasmine.execute (E:\NodeJsTestingProjects\GayltixExcercise\node_modules\protractor\node_modules\jasmine\lib\jasmine.js:197:8)]]>
   </failure>
   <failure type="exception" message="Failed: Cannot read property &apos;getWebDesGurTitle&apos; of undefined"><![CDATA[TypeError: Cannot read property 'getWebDesGurTitle' of undefined
    at UserContext.<anonymous> (E:\NodeJsTestingProjects\GayltixExcercise\e2e_tests\Tests\WebDesGurgaonTest.js:14:45)
    at E:\NodeJsTestingProjects\GayltixExcercise\node_modules\jasminewd2\index.js:112:25
    at new Promise (<anonymous>)
    at SimpleScheduler.promise (E:\NodeJsTestingProjects\GayltixExcercise\node_modules\selenium-webdriver\lib\promise.js:2242:12)
    at schedulerExecute (E:\NodeJsTestingProjects\GayltixExcercise\node_modules\jasminewd2\index.js:95:18)
    at E:\NodeJsTestingProjects\GayltixExcercise\node_modules\selenium-webdriver\lib\promise.js:2232:22
    at new Promise (<anonymous>)
    at SimpleScheduler.promise (E:\NodeJsTestingProjects\GayltixExcercise\node_modules\selenium-webdriver\lib\promise.js:2242:12)
    at SimpleScheduler.execute (E:\NodeJsTestingProjects\GayltixExcercise\node_modules\selenium-webdriver\lib\promise.js:2227:17)
    at UserContext.<anonymous> (E:\NodeJsTestingProjects\GayltixExcercise\node_modules\jasminewd2\index.js:94:19)
    at attempt (E:\NodeJsTestingProjects\GayltixExcercise\node_modules\protractor\node_modules\jasmine-core\lib\jasmine-core\jasmine.js:4297:26)
    at QueueRunner.run (E:\NodeJsTestingProjects\GayltixExcercise\node_modules\protractor\node_modules\jasmine-core\lib\jasmine-core\jasmine.js:4217:20)
    at runNext (E:\NodeJsTestingProjects\GayltixExcercise\node_modules\protractor\node_modules\jasmine-core\lib\jasmine-core\jasmine.js:4257:20)
    at E:\NodeJsTestingProjects\GayltixExcercise\node_modules\protractor\node_modules\jasmine-core\lib\jasmine-core\jasmine.js:4264:13
    at E:\NodeJsTestingProjects\GayltixExcercise\node_modules\protractor\node_modules\jasmine-core\lib\jasmine-core\jasmine.js:4172:9
    at callWhenIdle (E:\NodeJsTestingProjects\GayltixExcercise\node_modules\jasminewd2\index.js:62:5)
From asynchronous test: 
Error
    at Suite.<anonymous> (E:\NodeJsTestingProjects\GayltixExcercise\e2e_tests\Tests\WebDesGurgaonTest.js:13:5)
    at addSpecsToSuite (E:\NodeJsTestingProjects\GayltixExcercise\node_modules\protractor\node_modules\jasmine-core\lib\jasmine-core\jasmine.js:1107:25)
    at Env.describe (E:\NodeJsTestingProjects\GayltixExcercise\node_modules\protractor\node_modules\jasmine-core\lib\jasmine-core\jasmine.js:1074:7)
    at describe (E:\NodeJsTestingProjects\GayltixExcercise\node_modules\protractor\node_modules\jasmine-core\lib\jasmine-core\jasmine.js:4399:18)
    at Object.<anonymous> (E:\NodeJsTestingProjects\GayltixExcercise\e2e_tests\Tests\WebDesGurgaonTest.js:8:1)
    at Module._compile (internal/modules/cjs/loader.js:956:30)
    at Object.Module._extensions..js (internal/modules/cjs/loader.js:973:10)
    at Module.load (internal/modules/cjs/loader.js:812:32)
    at Function.Module._load (internal/modules/cjs/loader.js:724:14)
    at Module.require (internal/modules/cjs/loader.js:849:19)
    at require (internal/modules/cjs/helpers.js:74:18)
    at E:\NodeJsTestingProjects\GayltixExcercise\node_modules\protractor\node_modules\jasmine\lib\jasmine.js:93:5
    at Array.forEach (<anonymous>)
    at Jasmine.loadSpecs (E:\NodeJsTestingProjects\GayltixExcercise\node_modules\protractor\node_modules\jasmine\lib\jasmine.js:92:18)
    at Jasmine.execute (E:\NodeJsTestingProjects\GayltixExcercise\node_modules\protractor\node_modules\jasmine\lib\jasmine.js:197:8)]]>
   </failure>
  </testcase>
 </testsuite>
 <testsuite name="Sr. Web Designer London Test Workflow" timestamp="2020-08-15T16:41:24" hostname="localhost" time="0.869" errors="0" tests="1" skipped="0" disabled="0" failures="2">
  <testcase classname="Sr. Web Designer London Test Workflow" name="Verify able to navigate on Sr. Web Designer Job Page with Location London UK" time="0.016">
   <failure type="exception" message="Failed: invalid selector: Unable to locate an element with the xpath expression //a[@href=&quot;/job/4&quot;]&quot; because of the following error:
SyntaxError: Failed to execute &apos;evaluate&apos; on &apos;Document&apos;: The string &apos;//a[@href=&quot;/job/4&quot;]&quot;&apos; is not a valid XPath expression.
  (Session info: chrome=84.0.4147.125)
For documentation on this error, please visit: https://www.seleniumhq.org/exceptions/invalid_selector_exception.html
Build info: version: &apos;3.141.59&apos;, revision: &apos;e82be7d358&apos;, time: &apos;2018-11-14T08:25:53&apos;
System info: host: &apos;LAPTOP-ORI8JR52&apos;, ip: &apos;192.168.137.1&apos;, os.name: &apos;Windows 10&apos;, os.arch: &apos;amd64&apos;, os.version: &apos;10.0&apos;, java.version: &apos;1.8.0_241&apos;
Driver info: driver.version: unknown"><![CDATA[InvalidSelectorError: invalid selector: Unable to locate an element with the xpath expression //a[@href="/job/4"]" because of the following error:
SyntaxError: Failed to execute 'evaluate' on 'Document': The string '//a[@href="/job/4"]"' is not a valid XPath expression.
  (Session info: chrome=84.0.4147.125)
For documentation on this error, please visit: https://www.seleniumhq.org/exceptions/invalid_selector_exception.html
Build info: version: '3.141.59', revision: 'e82be7d358', time: '2018-11-14T08:25:53'
System info: host: 'LAPTOP-ORI8JR52', ip: '192.168.137.1', os.name: 'Windows 10', os.arch: 'amd64', os.version: '10.0', java.version: '1.8.0_241'
Driver info: driver.version: unknown
    at Object.checkLegacyResponse (E:\NodeJsTestingProjects\GayltixExcercise\node_modules\selenium-webdriver\lib\error.js:546:15)
    at parseHttpResponse (E:\NodeJsTestingProjects\GayltixExcercise\node_modules\selenium-webdriver\lib\http.js:509:13)
    at E:\NodeJsTestingProjects\GayltixExcercise\node_modules\selenium-webdriver\lib\http.js:441:30
    at processTicksAndRejections (internal/process/task_queues.js:93:5)
From asynchronous test: 
Error
    at Suite.<anonymous> (E:\NodeJsTestingProjects\GayltixExcercise\e2e_tests\Tests\WebDesLondontest.js:9:5)
    at addSpecsToSuite (E:\NodeJsTestingProjects\GayltixExcercise\node_modules\protractor\node_modules\jasmine-core\lib\jasmine-core\jasmine.js:1107:25)
    at Env.describe (E:\NodeJsTestingProjects\GayltixExcercise\node_modules\protractor\node_modules\jasmine-core\lib\jasmine-core\jasmine.js:1074:7)
    at describe (E:\NodeJsTestingProjects\GayltixExcercise\node_modules\protractor\node_modules\jasmine-core\lib\jasmine-core\jasmine.js:4399:18)
    at Object.<anonymous> (E:\NodeJsTestingProjects\GayltixExcercise\e2e_tests\Tests\WebDesLondontest.js:8:1)
    at Module._compile (internal/modules/cjs/loader.js:956:30)
    at Object.Module._extensions..js (internal/modules/cjs/loader.js:973:10)
    at Module.load (internal/modules/cjs/loader.js:812:32)
    at Function.Module._load (internal/modules/cjs/loader.js:724:14)
    at Module.require (internal/modules/cjs/loader.js:849:19)
    at require (internal/modules/cjs/helpers.js:74:18)
    at E:\NodeJsTestingProjects\GayltixExcercise\node_modules\protractor\node_modules\jasmine\lib\jasmine.js:93:5
    at Array.forEach (<anonymous>)
    at Jasmine.loadSpecs (E:\NodeJsTestingProjects\GayltixExcercise\node_modules\protractor\node_modules\jasmine\lib\jasmine.js:92:18)
    at Jasmine.execute (E:\NodeJsTestingProjects\GayltixExcercise\node_modules\protractor\node_modules\jasmine\lib\jasmine.js:197:8)]]>
   </failure>
   <failure type="exception" message="Failed: Cannot read property &apos;getWebDesLonTitle&apos; of undefined"><![CDATA[TypeError: Cannot read property 'getWebDesLonTitle' of undefined
    at UserContext.<anonymous> (E:\NodeJsTestingProjects\GayltixExcercise\e2e_tests\Tests\WebDesLondontest.js:14:44)
    at E:\NodeJsTestingProjects\GayltixExcercise\node_modules\jasminewd2\index.js:112:25
    at new Promise (<anonymous>)
    at SimpleScheduler.promise (E:\NodeJsTestingProjects\GayltixExcercise\node_modules\selenium-webdriver\lib\promise.js:2242:12)
    at schedulerExecute (E:\NodeJsTestingProjects\GayltixExcercise\node_modules\jasminewd2\index.js:95:18)
    at E:\NodeJsTestingProjects\GayltixExcercise\node_modules\selenium-webdriver\lib\promise.js:2232:22
    at new Promise (<anonymous>)
    at SimpleScheduler.promise (E:\NodeJsTestingProjects\GayltixExcercise\node_modules\selenium-webdriver\lib\promise.js:2242:12)
    at SimpleScheduler.execute (E:\NodeJsTestingProjects\GayltixExcercise\node_modules\selenium-webdriver\lib\promise.js:2227:17)
    at UserContext.<anonymous> (E:\NodeJsTestingProjects\GayltixExcercise\node_modules\jasminewd2\index.js:94:19)
    at attempt (E:\NodeJsTestingProjects\GayltixExcercise\node_modules\protractor\node_modules\jasmine-core\lib\jasmine-core\jasmine.js:4297:26)
    at QueueRunner.run (E:\NodeJsTestingProjects\GayltixExcercise\node_modules\protractor\node_modules\jasmine-core\lib\jasmine-core\jasmine.js:4217:20)
    at runNext (E:\NodeJsTestingProjects\GayltixExcercise\node_modules\protractor\node_modules\jasmine-core\lib\jasmine-core\jasmine.js:4257:20)
    at E:\NodeJsTestingProjects\GayltixExcercise\node_modules\protractor\node_modules\jasmine-core\lib\jasmine-core\jasmine.js:4264:13
    at E:\NodeJsTestingProjects\GayltixExcercise\node_modules\protractor\node_modules\jasmine-core\lib\jasmine-core\jasmine.js:4172:9
    at callWhenIdle (E:\NodeJsTestingProjects\GayltixExcercise\node_modules\jasminewd2\index.js:62:5)
From asynchronous test: 
Error
    at Suite.<anonymous> (E:\NodeJsTestingProjects\GayltixExcercise\e2e_tests\Tests\WebDesLondontest.js:13:5)
    at addSpecsToSuite (E:\NodeJsTestingProjects\GayltixExcercise\node_modules\protractor\node_modules\jasmine-core\lib\jasmine-core\jasmine.js:1107:25)
    at Env.describe (E:\NodeJsTestingProjects\GayltixExcercise\node_modules\protractor\node_modules\jasmine-core\lib\jasmine-core\jasmine.js:1074:7)
    at describe (E:\NodeJsTestingProjects\GayltixExcercise\node_modules\protractor\node_modules\jasmine-core\lib\jasmine-core\jasmine.js:4399:18)
    at Object.<anonymous> (E:\NodeJsTestingProjects\GayltixExcercise\e2e_tests\Tests\WebDesLondontest.js:8:1)
    at Module._compile (internal/modules/cjs/loader.js:956:30)
    at Object.Module._extensions..js (internal/modules/cjs/loader.js:973:10)
    at Module.load (internal/modules/cjs/loader.js:812:32)
    at Function.Module._load (internal/modules/cjs/loader.js:724:14)
    at Module.require (internal/modules/cjs/loader.js:849:19)
    at require (internal/modules/cjs/helpers.js:74:18)
    at E:\NodeJsTestingProjects\GayltixExcercise\node_modules\protractor\node_modules\jasmine\lib\jasmine.js:93:5
    at Array.forEach (<anonymous>)
    at Jasmine.loadSpecs (E:\NodeJsTestingProjects\GayltixExcercise\node_modules\protractor\node_modules\jasmine\lib\jasmine.js:92:18)
    at Jasmine.execute (E:\NodeJsTestingProjects\GayltixExcercise\node_modules\protractor\node_modules\jasmine\lib\jasmine.js:197:8)]]>
   </failure>
  </testcase>
 </testsuite>
</testsuites>